<?xml version="1.0" encoding="UTF-8"?>
<!-- Generated by org.testng.reporters.JUnitXMLReporter -->
<testsuite ignored="0" hostname="dinesh" failures="0" tests="7" name="E2E Tests" time="5.337" errors="0" timestamp="2026-08-12T08:09:38 IST">
  <testcase classname="samplecode.E2ESauceDemo" name="Login" time="0.377"/>
  <testcase classname="samplecode.E2ESauceDemo" name="verifyPageTitle" time="0.088"/>
  <testcase classname="samplecode.E2ESauceDemo" name="addProduct" time="0.359"/>
  <testcase classname="samplecode.E2ESauceDemo" name="verifyCartScreen" time="0.17"/>
  <testcase classname="samplecode.E2ESauceDemo" name="performInfoScreen" time="0.229"/>
  <testcase classname="samplecode.E2ESauceDemo" name="verifyConfirmationScreen" time="0.183"/>
  <testcase classname="samplecode.E2ESauceDemo" name="verifySuccessScreen" time="0.097"/>
</testsuite> <!-- E2E Tests -->
