<?xml version="1.0" encoding="UTF-8"?>
<!-- Generated by org.testng.reporters.JUnitXMLReporter -->
<testsuite ignored="0" hostname="dinesh" failures="0" tests="7" name="E2E Tests" time="6.37" errors="0" timestamp="2026-08-15T11:25:58 IST">
  <testcase classname="samplecode.E2ESauceDemo" name="Login" time="0.484"/>
  <testcase classname="samplecode.E2ESauceDemo" name="verifyPageTitle" time="0.065"/>
  <testcase classname="samplecode.E2ESauceDemo" name="addProduct" time="0.3"/>
  <testcase classname="samplecode.E2ESauceDemo" name="verifyCartScreen" time="0.159"/>
  <testcase classname="samplecode.E2ESauceDemo" name="performInfoScreen" time="0.244"/>
  <testcase classname="samplecode.E2ESauceDemo" name="verifyConfirmationScreen" time="0.164"/>
  <testcase classname="samplecode.E2ESauceDemo" name="verifySuccessScreen" time="0.141"/>
</testsuite> <!-- E2E Tests -->
