<?xml version="1.0" encoding="UTF-8"?>
<!-- Generated by org.testng.reporters.JUnitXMLReporter -->
<testsuite ignored="5" hostname="dinesh" failures="0" tests="2" name="Smoke Tests" time="5.22" errors="0" timestamp="2026-08-15T17:37:02 IST">
  <testcase classname="samplecode.E2ESauceDemo" name="Login" time="0.415"/>
  <testcase classname="samplecode.E2ESauceDemo" name="verifyPageTitle" time="0.061"/>
  <testcase classname="samplecode.E2ESauceDemo" name="performInfoScreen" time="0.0">
    <ignored/>
  </testcase> <!-- performInfoScreen -->
  <testcase classname="samplecode.E2ESauceDemo" name="addProduct" time="0.0">
    <ignored/>
  </testcase> <!-- addProduct -->
  <testcase classname="samplecode.E2ESauceDemo" name="verifyCartScreen" time="0.0">
    <ignored/>
  </testcase> <!-- verifyCartScreen -->
  <testcase classname="samplecode.E2ESauceDemo" name="verifyConfirmationScreen" time="0.0">
    <ignored/>
  </testcase> <!-- verifyConfirmationScreen -->
  <testcase classname="samplecode.E2ESauceDemo" name="verifySuccessScreen" time="0.0">
    <ignored/>
  </testcase> <!-- verifySuccessScreen -->
</testsuite> <!-- Smoke Tests -->
