<?xml version="1.0" encoding="UTF-8"?>
<!-- Generated by org.testng.reporters.JUnitXMLReporter -->
<testsuite ignored="0" hostname="dinesh" failures="0" tests="7" name="Default test" time="5.278" errors="0" timestamp="2026-08-10T20:47:17 IST">
  <testcase classname="samplecode.E2ESauceDemo" name="Login" time="0.383"/>
  <testcase classname="samplecode.E2ESauceDemo" name="verifyPageTitle" time="0.098"/>
  <testcase classname="samplecode.E2ESauceDemo" name="addProduct" time="0.266"/>
  <testcase classname="samplecode.E2ESauceDemo" name="verifyCartScreen" time="0.18"/>
  <testcase classname="samplecode.E2ESauceDemo" name="performInfoScreen" time="0.298"/>
  <testcase classname="samplecode.E2ESauceDemo" name="verifyConfirmationScreen" time="0.193"/>
  <testcase classname="samplecode.E2ESauceDemo" name="verifySuccessScreen" time="0.138"/>
</testsuite> <!-- Default test -->
