<?xml version="1.0" encoding="UTF-8"?>
<!-- Generated by org.testng.reporters.JUnitXMLReporter -->
<testsuite ignored="0" hostname="dinesh" failures="0" tests="7" name="E2E Tests" time="5.529" errors="0" timestamp="2026-08-15T14:33:49 IST">
  <testcase classname="samplecode.E2ESauceDemo" name="Login" time="0.862"/>
  <testcase classname="samplecode.E2ESauceDemo" name="verifyPageTitle" time="0.078"/>
  <testcase classname="samplecode.E2ESauceDemo" name="addProduct" time="0.274"/>
  <testcase classname="samplecode.E2ESauceDemo" name="verifyCartScreen" time="0.153"/>
  <testcase classname="samplecode.E2ESauceDemo" name="performInfoScreen" time="0.285"/>
  <testcase classname="samplecode.E2ESauceDemo" name="verifyConfirmationScreen" time="0.211"/>
  <testcase classname="samplecode.E2ESauceDemo" name="verifySuccessScreen" time="0.153"/>
</testsuite> <!-- E2E Tests -->
