<?xml version="1.0" encoding="UTF-8"?>
<!-- Generated by org.testng.reporters.JUnitXMLReporter -->
<testsuite ignored="5" hostname="dinesh" failures="1" tests="2" name="Smoke Tests" time="0.047" errors="0" timestamp="2026-08-15T14:35:11 IST">
  <testcase classname="samplecode.E2ESauceDemo" name="Login" time="0.01">
    <failure type="java.lang.NullPointerException" message="Cannot invoke &amp;quot;page.LoginPage.performlogin(String, String)&amp;quot; because &amp;quot;this.loginPage&amp;quot; is null">
      <![CDATA[java.lang.NullPointerException: Cannot invoke "page.LoginPage.performlogin(String, String)" because "this.loginPage" is null
at samplecode.E2ESauceDemo.Login(E2ESauceDemo.java:47)
at java.base/java.util.ArrayList.forEach(ArrayList.java:1597)
... Removed 29 stack frames]]>
    </failure>
  </testcase> <!-- Login -->
  <testcase classname="samplecode.E2ESauceDemo" name="verifyPageTitle" time="0.0">
    <skipped/>
  </testcase> <!-- verifyPageTitle -->
  <testcase classname="samplecode.E2ESauceDemo" name="verifyCartScreen" time="0.0">
    <ignored/>
  </testcase> <!-- verifyCartScreen -->
  <testcase classname="samplecode.E2ESauceDemo" name="addProduct" time="0.0">
    <ignored/>
  </testcase> <!-- addProduct -->
  <testcase classname="samplecode.E2ESauceDemo" name="verifySuccessScreen" time="0.0">
    <ignored/>
  </testcase> <!-- verifySuccessScreen -->
  <testcase classname="samplecode.E2ESauceDemo" name="performInfoScreen" time="0.0">
    <ignored/>
  </testcase> <!-- performInfoScreen -->
  <testcase classname="samplecode.E2ESauceDemo" name="verifyConfirmationScreen" time="0.0">
    <ignored/>
  </testcase> <!-- verifyConfirmationScreen -->
</testsuite> <!-- Smoke Tests -->
