<?xml version="1.0" encoding="UTF-8"?>
<testng-results ignored="5" total="7" passed="0" failed="1" skipped="1">
  <reporter-output>
  </reporter-output>
  <suite started-at="2026-08-15T14:35:11 IST" name="SauceDemo Test Suite" finished-at="2026-08-15T14:35:11 IST" duration-ms="47">
    <groups>
      <group name="regression">
        <method signature="E2ESauceDemo.Login()[pri:0, instance:samplecode.E2ESauceDemo@a87f8ec]" name="Login" class="samplecode.E2ESauceDemo"/>
        <method signature="E2ESauceDemo.verifyPageTitle()[pri:0, instance:samplecode.E2ESauceDemo@a87f8ec]" name="verifyPageTitle" class="samplecode.E2ESauceDemo"/>
      </group> <!-- regression -->
      <group name="smoke">
        <method signature="E2ESauceDemo.Login()[pri:0, instance:samplecode.E2ESauceDemo@a87f8ec]" name="Login" class="samplecode.E2ESauceDemo"/>
        <method signature="E2ESauceDemo.verifyPageTitle()[pri:0, instance:samplecode.E2ESauceDemo@a87f8ec]" name="verifyPageTitle" class="samplecode.E2ESauceDemo"/>
      </group> <!-- smoke -->
    </groups>
    <test started-at="2026-08-15T14:35:11 IST" name="Smoke Tests" finished-at="2026-08-15T14:35:11 IST" duration-ms="47">
      <class name="samplecode.E2ESauceDemo">
        <test-method signature="Login()[pri:0, instance:samplecode.E2ESauceDemo@a87f8ec]" started-at="2026-08-15T14:35:11 IST" name="Login" finished-at="2026-08-15T14:35:11 IST" duration-ms="10" status="FAIL">
          <exception class="java.lang.NullPointerException">
            <message>
              <![CDATA[Cannot invoke "page.LoginPage.performlogin(String, String)" because "this.loginPage" is null]]>
            </message>
            <full-stacktrace>
              <![CDATA[java.lang.NullPointerException: Cannot invoke "page.LoginPage.performlogin(String, String)" because "this.loginPage" is null
at samplecode.E2ESauceDemo.Login(E2ESauceDemo.java:47)
at java.base/jdk.internal.reflect.DirectMethodHandleAccessor.invoke(DirectMethodHandleAccessor.java:103)
at java.base/java.lang.reflect.Method.invoke(Method.java:580)
at org.testng.internal.invokers.MethodInvocationHelper.invokeMethod(MethodInvocationHelper.java:139)
at org.testng.internal.invokers.TestInvoker.invokeMethod(TestInvoker.java:677)
at org.testng.internal.invokers.TestInvoker.invokeTestMethod(TestInvoker.java:221)
at org.testng.internal.invokers.MethodRunner.runInSequence(MethodRunner.java:50)
at org.testng.internal.invokers.TestInvoker$MethodInvocationAgent.invoke(TestInvoker.java:969)
at org.testng.internal.invokers.TestInvoker.invokeTestMethods(TestInvoker.java:194)
at org.testng.internal.invokers.TestMethodWorker.invokeTestMethods(TestMethodWorker.java:148)
at org.testng.internal.invokers.TestMethodWorker.run(TestMethodWorker.java:128)
at java.base/java.util.ArrayList.forEach(ArrayList.java:1597)
at org.testng.TestRunner.privateRun(TestRunner.java:829)
at org.testng.TestRunner.run(TestRunner.java:602)
at org.testng.SuiteRunner.runTest(SuiteRunner.java:437)
at org.testng.SuiteRunner.runSequentially(SuiteRunner.java:431)
at org.testng.SuiteRunner.privateRun(SuiteRunner.java:391)
at org.testng.SuiteRunner.run(SuiteRunner.java:330)
at org.testng.SuiteRunnerWorker.runSuite(SuiteRunnerWorker.java:52)
at org.testng.SuiteRunnerWorker.run(SuiteRunnerWorker.java:95)
at org.testng.TestNG.runSuitesSequentially(TestNG.java:1256)
at org.testng.TestNG.runSuitesLocally(TestNG.java:1176)
at org.testng.TestNG.runSuites(TestNG.java:1099)
at org.testng.TestNG.run(TestNG.java:1067)
at org.apache.maven.surefire.testng.TestNGExecutor.run(TestNGExecutor.java:308)
at org.apache.maven.surefire.testng.TestNGXmlTestSuite.execute(TestNGXmlTestSuite.java:71)
at org.apache.maven.surefire.testng.TestNGProvider.invoke(TestNGProvider.java:113)
at org.apache.maven.surefire.booter.ForkedBooter.runSuitesInProcess(ForkedBooter.java:385)
at org.apache.maven.surefire.booter.ForkedBooter.execute(ForkedBooter.java:162)
at org.apache.maven.surefire.booter.ForkedBooter.run(ForkedBooter.java:507)
at org.apache.maven.surefire.booter.ForkedBooter.main(ForkedBooter.java:495)
]]>
            </full-stacktrace>
          </exception> <!-- java.lang.NullPointerException -->
          <reporter-output>
          </reporter-output>
        </test-method> <!-- Login -->
        <test-method signature="verifyPageTitle()[pri:0, instance:samplecode.E2ESauceDemo@a87f8ec]" started-at="2026-08-15T14:35:11 IST" name="verifyPageTitle" finished-at="2026-08-15T14:35:11 IST" depends-on-methods="samplecode.E2ESauceDemo.Login" duration-ms="0" status="SKIP">
          <exception class="java.lang.Throwable">
            <message>
              <![CDATA[Method samplecode.E2ESauceDemo.verifyPageTitle() on instance samplecode.E2ESauceDemo@a87f8ec depends on not successfully finished methods 
[samplecode.E2ESauceDemo.Login() on instance samplecode.E2ESauceDemo@a87f8ec]]]>
            </message>
            <full-stacktrace>
              <![CDATA[java.lang.Throwable: Method samplecode.E2ESauceDemo.verifyPageTitle() on instance samplecode.E2ESauceDemo@a87f8ec depends on not successfully finished methods 
[samplecode.E2ESauceDemo.Login() on instance samplecode.E2ESauceDemo@a87f8ec]
at org.testng.internal.invokers.TestInvoker.invokeTestMethods(TestInvoker.java:150)
at org.testng.internal.invokers.TestMethodWorker.invokeTestMethods(TestMethodWorker.java:148)
at org.testng.internal.invokers.TestMethodWorker.run(TestMethodWorker.java:128)
at java.base/java.util.ArrayList.forEach(ArrayList.java:1597)
at org.testng.TestRunner.privateRun(TestRunner.java:829)
at org.testng.TestRunner.run(TestRunner.java:602)
at org.testng.SuiteRunner.runTest(SuiteRunner.java:437)
at org.testng.SuiteRunner.runSequentially(SuiteRunner.java:431)
at org.testng.SuiteRunner.privateRun(SuiteRunner.java:391)
at org.testng.SuiteRunner.run(SuiteRunner.java:330)
at org.testng.SuiteRunnerWorker.runSuite(SuiteRunnerWorker.java:52)
at org.testng.SuiteRunnerWorker.run(SuiteRunnerWorker.java:95)
at org.testng.TestNG.runSuitesSequentially(TestNG.java:1256)
at org.testng.TestNG.runSuitesLocally(TestNG.java:1176)
at org.testng.TestNG.runSuites(TestNG.java:1099)
at org.testng.TestNG.run(TestNG.java:1067)
at org.apache.maven.surefire.testng.TestNGExecutor.run(TestNGExecutor.java:308)
at org.apache.maven.surefire.testng.TestNGXmlTestSuite.execute(TestNGXmlTestSuite.java:71)
at org.apache.maven.surefire.testng.TestNGProvider.invoke(TestNGProvider.java:113)
at org.apache.maven.surefire.booter.ForkedBooter.runSuitesInProcess(ForkedBooter.java:385)
at org.apache.maven.surefire.booter.ForkedBooter.execute(ForkedBooter.java:162)
at org.apache.maven.surefire.booter.ForkedBooter.run(ForkedBooter.java:507)
at org.apache.maven.surefire.booter.ForkedBooter.main(ForkedBooter.java:495)
]]>
            </full-stacktrace>
          </exception> <!-- java.lang.Throwable -->
          <reporter-output>
          </reporter-output>
        </test-method> <!-- verifyPageTitle -->
      </class> <!-- samplecode.E2ESauceDemo -->
    </test> <!-- Smoke Tests -->
  </suite> <!-- SauceDemo Test Suite -->
</testng-results>
