<?xml version="1.0" encoding="UTF-8"?>
<testng-results ignored="0" total="7" passed="7" failed="0" skipped="0">
  <reporter-output>
  </reporter-output>
  <suite started-at="2026-08-11T22:22:49 IST" name="SauceDemo Test Suite" finished-at="2026-08-11T22:22:56 IST" duration-ms="7126">
    <groups>
    </groups>
    <test started-at="2026-08-11T22:22:49 IST" name="E2E Tests" finished-at="2026-08-11T22:22:56 IST" duration-ms="7126">
      <class name="samplecode.E2ESauceDemo">
        <test-method is-config="true" signature="setup()[pri:0, instance:samplecode.E2ESauceDemo@23202fce]" started-at="2026-08-11T22:22:49 IST" name="setup" finished-at="2026-08-11T22:22:54 IST" duration-ms="5181" status="PASS">
          <reporter-output>
          </reporter-output>
        </test-method> <!-- setup -->
        <test-method is-config="true" signature="initPages()[pri:0, instance:samplecode.E2ESauceDemo@23202fce]" started-at="2026-08-11T22:22:54 IST" name="initPages" finished-at="2026-08-11T22:22:54 IST" depends-on-methods="Base.Baseclass.setup" duration-ms="8" status="PASS">
          <reporter-output>
          </reporter-output>
        </test-method> <!-- initPages -->
        <test-method signature="Login()[pri:0, instance:samplecode.E2ESauceDemo@23202fce]" started-at="2026-08-11T22:22:54 IST" name="Login" finished-at="2026-08-11T22:22:55 IST" duration-ms="358" status="PASS">
          <reporter-output>
          </reporter-output>
        </test-method> <!-- Login -->
        <test-method signature="verifyPageTitle()[pri:0, instance:samplecode.E2ESauceDemo@23202fce]" started-at="2026-08-11T22:22:55 IST" name="verifyPageTitle" finished-at="2026-08-11T22:22:55 IST" depends-on-methods="samplecode.E2ESauceDemo.Login" duration-ms="75" status="PASS">
          <reporter-output>
          </reporter-output>
        </test-method> <!-- verifyPageTitle -->
        <test-method signature="addProduct()[pri:0, instance:samplecode.E2ESauceDemo@23202fce]" started-at="2026-08-11T22:22:55 IST" name="addProduct" finished-at="2026-08-11T22:22:55 IST" depends-on-methods="samplecode.E2ESauceDemo.verifyPageTitle" duration-ms="262" status="PASS">
          <reporter-output>
          </reporter-output>
        </test-method> <!-- addProduct -->
        <test-method signature="verifyCartScreen()[pri:0, instance:samplecode.E2ESauceDemo@23202fce]" started-at="2026-08-11T22:22:55 IST" name="verifyCartScreen" finished-at="2026-08-11T22:22:55 IST" depends-on-methods="samplecode.E2ESauceDemo.addProduct" duration-ms="264" status="PASS">
          <reporter-output>
          </reporter-output>
        </test-method> <!-- verifyCartScreen -->
        <test-method signature="performInfoScreen()[pri:0, instance:samplecode.E2ESauceDemo@23202fce]" started-at="2026-08-11T22:22:55 IST" name="performInfoScreen" finished-at="2026-08-11T22:22:56 IST" depends-on-methods="samplecode.E2ESauceDemo.verifyCartScreen" duration-ms="375" status="PASS">
          <reporter-output>
          </reporter-output>
        </test-method> <!-- performInfoScreen -->
        <test-method signature="verifyConfirmationScreen()[pri:0, instance:samplecode.E2ESauceDemo@23202fce]" started-at="2026-08-11T22:22:56 IST" name="verifyConfirmationScreen" finished-at="2026-08-11T22:22:56 IST" depends-on-methods="samplecode.E2ESauceDemo.performInfoScreen" duration-ms="189" status="PASS">
          <reporter-output>
          </reporter-output>
        </test-method> <!-- verifyConfirmationScreen -->
        <test-method signature="verifySuccessScreen()[pri:0, instance:samplecode.E2ESauceDemo@23202fce]" started-at="2026-08-11T22:22:56 IST" name="verifySuccessScreen" finished-at="2026-08-11T22:22:56 IST" depends-on-methods="samplecode.E2ESauceDemo.verifyConfirmationScreen" duration-ms="119" status="PASS">
          <reporter-output>
          </reporter-output>
        </test-method> <!-- verifySuccessScreen -->
        <test-method is-config="true" signature="closeBrowser()[pri:0, instance:samplecode.E2ESauceDemo@23202fce]" started-at="2026-08-11T22:22:56 IST" name="closeBrowser" finished-at="2026-08-11T22:22:56 IST" duration-ms="220" status="PASS">
          <reporter-output>
          </reporter-output>
        </test-method> <!-- closeBrowser -->
      </class> <!-- samplecode.E2ESauceDemo -->
    </test> <!-- E2E Tests -->
  </suite> <!-- SauceDemo Test Suite -->
</testng-results>
