<?xml version="1.0" encoding="UTF-8"?>
<!-- Generated by org.testng.reporters.JUnitReportReporter -->
<testsuite hostname="dinesh" failures="0" tests="7" name="samplecode.E2ESauceDemo" time="1.849" errors="0" timestamp="2026-08-15T17:38:00 IST" skipped="0">
  <testcase classname="samplecode.E2ESauceDemo" name="performInfoScreen" time="0.312"/>
  <testcase classname="samplecode.E2ESauceDemo" name="verifyConfirmationScreen" time="0.201"/>
  <testcase classname="samplecode.E2ESauceDemo" name="addProduct" time="0.276"/>
  <testcase classname="samplecode.E2ESauceDemo" name="verifySuccessScreen" time="0.125"/>
  <testcase classname="samplecode.E2ESauceDemo" name="Login" time="0.708"/>
  <testcase classname="samplecode.E2ESauceDemo" name="verifyPageTitle" time="0.103"/>
  <testcase classname="samplecode.E2ESauceDemo" name="verifyCartScreen" time="0.124"/>
</testsuite> <!-- samplecode.E2ESauceDemo -->
