<?xml version="1.0" encoding="UTF-8"?>
<!-- Generated by org.testng.reporters.JUnitReportReporter -->
<testsuite hostname="dinesh" failures="0" tests="7" name="samplecode.AppLaunch" time="31.475" errors="0" timestamp="2026-08-07T15:33:18 IST" skipped="0">
  <testcase classname="samplecode.AppLaunch" name="performAddtoCart" time="5.169"/>
  <system-out/>
  <testcase classname="samplecode.AppLaunch" name="verifyConfirmationScreen" time="5.196"/>
  <system-out/>
  <testcase classname="samplecode.AppLaunch" name="login" time="5.508"/>
  <system-out/>
  <testcase classname="samplecode.AppLaunch" name="verifySuccessScreen" time="5.129"/>
  <system-out/>
  <testcase classname="samplecode.AppLaunch" name="performYourInformationScreen" time="5.274"/>
  <system-out/>
  <testcase classname="samplecode.AppLaunch" name="verifyDashboard" time="0.016"/>
  <system-out/>
  <testcase classname="samplecode.AppLaunch" name="verifyYourCartScreen" time="5.183"/>
  <system-out/>
</testsuite> <!-- samplecode.AppLaunch -->
