<?xml version="1.0" encoding="UTF-8"?>
<!-- Generated by org.testng.reporters.JUnitReportReporter -->
<testsuite hostname="dinesh" failures="0" tests="7" name="samplecode.E2ESauceDemo" time="2.356" errors="0" timestamp="2026-08-11T07:52:08 IST" skipped="0">
  <testcase classname="samplecode.E2ESauceDemo" name="verifyCartScreen" time="0.245"/>
  <testcase classname="samplecode.E2ESauceDemo" name="performInfoScreen" time="0.483"/>
  <testcase classname="samplecode.E2ESauceDemo" name="verifyConfirmationScreen" time="0.365"/>
  <testcase classname="samplecode.E2ESauceDemo" name="Login" time="0.518"/>
  <testcase classname="samplecode.E2ESauceDemo" name="verifySuccessScreen" time="0.232"/>
  <testcase classname="samplecode.E2ESauceDemo" name="addProduct" time="0.436"/>
  <testcase classname="samplecode.E2ESauceDemo" name="verifyPageTitle" time="0.077"/>
</testsuite> <!-- samplecode.E2ESauceDemo -->
